Determining if the pthread_create exist failed with the following output:
Change Dir: /home/jared/sensors_control_project/catkin_ws/src/project2fetch/build/CMakeFiles/CMakeTmp

Run Build Command:"/usr/bin/make" "cmTC_0704c/fast"
/usr/bin/make -f CMakeFiles/cmTC_0704c.dir/build.make CMakeFiles/cmTC_0704c.dir/build
make[1]: Entering directory '/home/jared/sensors_control_project/catkin_ws/src/project2fetch/build/CMakeFiles/CMakeTmp'
Building C object CMakeFiles/cmTC_0704c.dir/CheckSymbolExists.c.o
/usr/bin/cc    -o CMakeFiles/cmTC_0704c.dir/CheckSymbolExists.c.o   -c /home/jared/sensors_control_project/catkin_ws/src/project2fetch/build/CMakeFiles/CMakeTmp/CheckSymbolExists.c
Linking C executable cmTC_0704c
/usr/bin/cmake -E cmake_link_script CMakeFiles/cmTC_0704c.dir/link.txt --verbose=1
/usr/bin/cc      -rdynamic CMakeFiles/cmTC_0704c.dir/CheckSymbolExists.c.o  -o cmTC_0704c 
CMakeFiles/cmTC_0704c.dir/CheckSymbolExists.c.o: In function `main':
CheckSymbolExists.c:(.text+0x1b): undefined reference to `pthread_create'
collect2: error: ld returned 1 exit status
CMakeFiles/cmTC_0704c.dir/build.make:97: recipe for target 'cmTC_0704c' failed
make[1]: *** [cmTC_0704c] Error 1
make[1]: Leaving directory '/home/jared/sensors_control_project/catkin_ws/src/project2fetch/build/CMakeFiles/CMakeTmp'
Makefile:126: recipe for target 'cmTC_0704c/fast' failed
make: *** [cmTC_0704c/fast] Error 2

File /home/jared/sensors_control_project/catkin_ws/src/project2fetch/build/CMakeFiles/CMakeTmp/CheckSymbolExists.c:
/* */
#include <pthread.h>

int main(int argc, char** argv)
{
  (void)argv;
#ifndef pthread_create
  return ((int*)(&pthread_create))[argc];
#else
  (void)argc;
  return 0;
#endif
}

Determining if the function pthread_create exists in the pthreads failed with the following output:
Change Dir: /home/jared/sensors_control_project/catkin_ws/src/project2fetch/build/CMakeFiles/CMakeTmp

Run Build Command:"/usr/bin/make" "cmTC_fa37a/fast"
/usr/bin/make -f CMakeFiles/cmTC_fa37a.dir/build.make CMakeFiles/cmTC_fa37a.dir/build
make[1]: Entering directory '/home/jared/sensors_control_project/catkin_ws/src/project2fetch/build/CMakeFiles/CMakeTmp'
Building C object CMakeFiles/cmTC_fa37a.dir/CheckFunctionExists.c.o
/usr/bin/cc   -DCHECK_FUNCTION_EXISTS=pthread_create   -o CMakeFiles/cmTC_fa37a.dir/CheckFunctionExists.c.o   -c /usr/share/cmake-3.10/Modules/CheckFunctionExists.c
Linking C executable cmTC_fa37a
/usr/bin/cmake -E cmake_link_script CMakeFiles/cmTC_fa37a.dir/link.txt --verbose=1
/usr/bin/cc  -DCHECK_FUNCTION_EXISTS=pthread_create    -rdynamic CMakeFiles/cmTC_fa37a.dir/CheckFunctionExists.c.o  -o cmTC_fa37a -lpthreads 
/usr/bin/ld: cannot find -lpthreads
collect2: error: ld returned 1 exit status
CMakeFiles/cmTC_fa37a.dir/build.make:97: recipe for target 'cmTC_fa37a' failed
make[1]: *** [cmTC_fa37a] Error 1
make[1]: Leaving directory '/home/jared/sensors_control_project/catkin_ws/src/project2fetch/build/CMakeFiles/CMakeTmp'
Makefile:126: recipe for target 'cmTC_fa37a/fast' failed
make: *** [cmTC_fa37a/fast] Error 2


